<?xml version="1.0" encoding="UTF-8"?>
<testng-results skipped="0" failed="0" ignored="0" total="3" passed="3">
  <reporter-output>
  </reporter-output>
  <suite name="Suite" duration-ms="63912" started-at="2021-03-13T16:37:36 IST" finished-at="2021-03-13T16:38:40 IST">
    <groups>
    </groups>
    <test name="Test" duration-ms="63912" started-at="2021-03-13T16:37:36 IST" finished-at="2021-03-13T16:38:40 IST">
      <class name="in.testNGautomation.in.testNGAutomation1203.FirstTestNGClass">
        <test-method status="PASS" signature="startApp()[pri:0, instance:in.testNGautomation.in.testNGAutomation1203.FirstTestNGClass@90b489]" name="startApp" duration-ms="25191" started-at="2021-03-13T16:37:36 IST" finished-at="2021-03-13T16:38:02 IST">
          <reporter-output>
          </reporter-output>
        </test-method> <!-- startApp -->
        <test-method status="PASS" signature="xloginApp()[pri:0, instance:in.testNGautomation.in.testNGAutomation1203.FirstTestNGClass@90b489]" name="xloginApp" duration-ms="27058" started-at="2021-03-13T16:38:02 IST" finished-at="2021-03-13T16:38:29 IST">
          <reporter-output>
          </reporter-output>
        </test-method> <!-- xloginApp -->
        <test-method status="PASS" signature="zlogoutApp()[pri:0, instance:in.testNGautomation.in.testNGAutomation1203.FirstTestNGClass@90b489]" name="zlogoutApp" duration-ms="11580" started-at="2021-03-13T16:38:29 IST" depends-on-methods="in.testNGautomation.in.testNGAutomation1203.FirstTestNGClass.startApp" finished-at="2021-03-13T16:38:40 IST">
          <reporter-output>
          </reporter-output>
        </test-method> <!-- zlogoutApp -->
        <test-method status="PASS" signature="closeApp()[pri:0, instance:in.testNGautomation.in.testNGAutomation1203.FirstTestNGClass@90b489]" name="closeApp" is-config="true" duration-ms="1" started-at="2021-03-13T16:38:40 IST" finished-at="2021-03-13T16:38:40 IST">
          <reporter-output>
          </reporter-output>
        </test-method> <!-- closeApp -->
      </class> <!-- in.testNGautomation.in.testNGAutomation1203.FirstTestNGClass -->
    </test> <!-- Test -->
  </suite> <!-- Suite -->
</testng-results>
