<?xml version="1.0" encoding="UTF-8"?>
<!-- Generated by org.testng.reporters.JUnitXMLReporter -->
<testsuite hostname="Raja-PC" ignored="0" name="Test" tests="3" failures="0" timestamp="2021-03-13T16:38:40 IST" time="63.912" errors="0">
  <testcase name="startApp" time="25.191" classname="in.testNGautomation.in.testNGAutomation1203.FirstTestNGClass"/>
  <testcase name="xloginApp" time="27.058" classname="in.testNGautomation.in.testNGAutomation1203.FirstTestNGClass"/>
  <testcase name="zlogoutApp" time="11.58" classname="in.testNGautomation.in.testNGAutomation1203.FirstTestNGClass"/>
</testsuite> <!-- Test -->
