<?xml version="1.0" encoding="UTF-8"?>
<!-- Generated by org.testng.reporters.JUnitXMLReporter -->
<testsuite hostname="Raja-PC" ignored="0" name="Default test" tests="3" failures="0" timestamp="2021-03-13T00:41:57 IST" time="83.741" errors="0">
  <testcase name="startApp" time="39.095" classname="in.testNGautomation.in.testNGAutomation1203.FirstTestNGClass"/>
  <testcase name="xloginApp" time="28.574" classname="in.testNGautomation.in.testNGAutomation1203.FirstTestNGClass"/>
  <testcase name="zlogoutApp" time="15.935" classname="in.testNGautomation.in.testNGAutomation1203.FirstTestNGClass"/>
</testsuite> <!-- Default test -->
